{"/home/travis/build/npmtest/node-npmtest-react-native-store/test.js":{"path":"/home/travis/build/npmtest/node-npmtest-react-native-store/test.js","s":{"1":2,"2":2,"3":2,"4":2,"5":2,"6":2,"7":2,"8":1,"9":2,"10":2,"11":1,"12":1,"13":1,"14":1,"15":2,"16":2,"17":2,"18":2,"19":1,"20":1,"21":2,"22":2,"23":2,"24":1,"25":1,"26":1,"27":1,"28":1,"29":1,"30":1,"31":1,"32":1,"33":1,"34":1,"35":1,"36":1,"37":1,"38":1,"39":2,"40":2,"41":1,"42":2,"43":2,"44":1,"45":2,"46":2,"47":1,"48":2,"49":2,"50":1,"51":1,"52":1,"53":1,"54":1},"b":{"1":[2,1,1,1],"2":[1,1,1,1],"3":[1,1],"4":[1,1],"5":[1,1],"6":[1,1],"7":[1,1],"8":[1,1],"9":[1,1],"10":[1,1,1],"11":[1,1],"12":[1,1],"13":[1,1],"14":[1,1],"15":[1,1],"16":[1,1],"17":[1,1]},"f":{"1":2,"2":2,"3":2,"4":2,"5":2,"6":1,"7":1,"8":1,"9":2,"10":2,"11":2,"12":2,"13":1},"fnMap":{"1":{"name":"(anonymous_1)","line":12,"loc":{"start":{"line":12,"column":1},"end":{"line":12,"column":13}}},"2":{"name":"(anonymous_2)","line":19,"loc":{"start":{"line":19,"column":5},"end":{"line":19,"column":17}}},"3":{"name":"(anonymous_3)","line":23,"loc":{"start":{"line":23,"column":24},"end":{"line":23,"column":36}}},"4":{"name":"(anonymous_4)","line":61,"loc":{"start":{"line":61,"column":5},"end":{"line":61,"column":17}}},"5":{"name":"(anonymous_5)","line":82,"loc":{"start":{"line":82,"column":5},"end":{"line":82,"column":17}}},"6":{"name":"(anonymous_6)","line":91,"loc":{"start":{"line":91,"column":77},"end":{"line":94,"column":10}}},"7":{"name":"(anonymous_7)","line":112,"loc":{"start":{"line":112,"column":83},"end":{"line":115,"column":10}},"skip":true},"8":{"name":"(anonymous_8)","line":123,"loc":{"start":{"line":123,"column":77},"end":{"line":126,"column":10}},"skip":true},"9":{"name":"(anonymous_9)","line":139,"loc":{"start":{"line":139,"column":12},"end":{"line":139,"column":40}},"skip":true},"10":{"name":"(anonymous_10)","line":147,"loc":{"start":{"line":147,"column":77},"end":{"line":150,"column":10}},"skip":true},"11":{"name":"(anonymous_11)","line":158,"loc":{"start":{"line":158,"column":83},"end":{"line":161,"column":10}},"skip":true},"12":{"name":"(anonymous_12)","line":169,"loc":{"start":{"line":169,"column":79},"end":{"line":172,"column":10}},"skip":true},"13":{"name":"(anonymous_13)","line":180,"loc":{"start":{"line":180,"column":75},"end":{"line":183,"column":10}},"skip":true}},"statementMap":{"1":{"start":{"line":12,"column":0},"end":{"line":195,"column":5}},"2":{"start":{"line":14,"column":4},"end":{"line":14,"column":14}},"3":{"start":{"line":19,"column":4},"end":{"line":56,"column":9}},"4":{"start":{"line":21,"column":8},"end":{"line":21,"column":19}},"5":{"start":{"line":23,"column":8},"end":{"line":35,"column":13}},"6":{"start":{"line":24,"column":12},"end":{"line":34,"column":13}},"7":{"start":{"line":25,"column":16},"end":{"line":28,"column":30}},"8":{"start":{"line":30,"column":16},"end":{"line":33,"column":27}},"9":{"start":{"line":37,"column":8},"end":{"line":39,"column":21}},"10":{"start":{"line":40,"column":8},"end":{"line":53,"column":9}},"11":{"start":{"line":43,"column":12},"end":{"line":46,"column":14}},"12":{"start":{"line":47,"column":12},"end":{"line":47,"column":18}},"13":{"start":{"line":50,"column":12},"end":{"line":51,"column":46}},"14":{"start":{"line":52,"column":12},"end":{"line":52,"column":18}},"15":{"start":{"line":55,"column":8},"end":{"line":55,"column":35}},"16":{"start":{"line":61,"column":4},"end":{"line":63,"column":9}},"17":{"start":{"line":62,"column":8},"end":{"line":62,"column":15}},"18":{"start":{"line":64,"column":4},"end":{"line":77,"column":5}},"19":{"start":{"line":70,"column":8},"end":{"line":70,"column":14}},"20":{"start":{"line":76,"column":8},"end":{"line":76,"column":14}},"21":{"start":{"line":82,"column":4},"end":{"line":84,"column":9}},"22":{"start":{"line":83,"column":8},"end":{"line":83,"column":15}},"23":{"start":{"line":85,"column":4},"end":{"line":194,"column":5}},"24":{"start":{"line":91,"column":8},"end":{"line":99,"column":10}},"25":{"start":{"line":98,"column":12},"end":{"line":98,"column":35}},"26":{"start":{"line":102,"column":8},"end":{"line":104,"column":63}},"27":{"start":{"line":105,"column":8},"end":{"line":105,"column":14}},"28":{"start":{"line":112,"column":8},"end":{"line":121,"column":10},"skip":true},"29":{"start":{"line":119,"column":12},"end":{"line":119,"column":55},"skip":true},"30":{"start":{"line":120,"column":12},"end":{"line":120,"column":48},"skip":true},"31":{"start":{"line":123,"column":8},"end":{"line":136,"column":10},"skip":true},"32":{"start":{"line":130,"column":12},"end":{"line":130,"column":76},"skip":true},"33":{"start":{"line":131,"column":12},"end":{"line":131,"column":73},"skip":true},"34":{"start":{"line":132,"column":12},"end":{"line":132,"column":74},"skip":true},"35":{"start":{"line":133,"column":12},"end":{"line":133,"column":79},"skip":true},"36":{"start":{"line":134,"column":12},"end":{"line":134,"column":25},"skip":true},"37":{"start":{"line":135,"column":12},"end":{"line":135,"column":45},"skip":true},"38":{"start":{"line":138,"column":8},"end":{"line":145,"column":14},"skip":true},"39":{"start":{"line":143,"column":16},"end":{"line":143,"column":29},"skip":true},"40":{"start":{"line":144,"column":16},"end":{"line":144,"column":55},"skip":true},"41":{"start":{"line":147,"column":8},"end":{"line":156,"column":10},"skip":true},"42":{"start":{"line":154,"column":12},"end":{"line":154,"column":25},"skip":true},"43":{"start":{"line":155,"column":12},"end":{"line":155,"column":45},"skip":true},"44":{"start":{"line":158,"column":8},"end":{"line":167,"column":10},"skip":true},"45":{"start":{"line":165,"column":12},"end":{"line":165,"column":25},"skip":true},"46":{"start":{"line":166,"column":12},"end":{"line":166,"column":48},"skip":true},"47":{"start":{"line":169,"column":8},"end":{"line":178,"column":10},"skip":true},"48":{"start":{"line":176,"column":12},"end":{"line":176,"column":25},"skip":true},"49":{"start":{"line":177,"column":12},"end":{"line":177,"column":46},"skip":true},"50":{"start":{"line":180,"column":8},"end":{"line":189,"column":10},"skip":true},"51":{"start":{"line":187,"column":12},"end":{"line":187,"column":94},"skip":true},"52":{"start":{"line":188,"column":12},"end":{"line":188,"column":48},"skip":true},"53":{"start":{"line":192,"column":8},"end":{"line":192,"column":35},"skip":true},"54":{"start":{"line":193,"column":8},"end":{"line":193,"column":14},"skip":true}},"branchMap":{"1":{"line":25,"type":"binary-expr","locations":[{"start":{"line":25,"column":23},"end":{"line":25,"column":62}},{"start":{"line":26,"column":20},"end":{"line":26,"column":70}},{"start":{"line":27,"column":20},"end":{"line":27,"column":71}},{"start":{"line":28,"column":20},"end":{"line":28,"column":29}}]},"2":{"line":30,"type":"binary-expr","locations":[{"start":{"line":30,"column":23},"end":{"line":30,"column":37}},{"start":{"line":31,"column":20},"end":{"line":31,"column":61}},{"start":{"line":32,"column":20},"end":{"line":32,"column":70}},{"start":{"line":33,"column":20},"end":{"line":33,"column":26}}]},"3":{"line":37,"type":"cond-expr","locations":[{"start":{"line":38,"column":14},"end":{"line":38,"column":20}},{"start":{"line":39,"column":14},"end":{"line":39,"column":20}}]},"4":{"line":40,"type":"switch","locations":[{"start":{"line":42,"column":8},"end":{"line":47,"column":18}},{"start":{"line":49,"column":8},"end":{"line":52,"column":18}}]},"5":{"line":44,"type":"binary-expr","locations":[{"start":{"line":44,"column":16},"end":{"line":44,"column":44}},{"start":{"line":44,"column":48},"end":{"line":44,"column":66}}]},"6":{"line":50,"type":"binary-expr","locations":[{"start":{"line":50,"column":21},"end":{"line":50,"column":49}},{"start":{"line":50,"column":53},"end":{"line":50,"column":72}}]},"7":{"line":64,"type":"switch","locations":[{"start":{"line":69,"column":4},"end":{"line":70,"column":14}},{"start":{"line":75,"column":4},"end":{"line":76,"column":14}}]},"8":{"line":85,"type":"switch","locations":[{"start":{"line":90,"column":4},"end":{"line":105,"column":14}},{"start":{"line":111,"column":4},"end":{"line":193,"column":14},"skip":true}]},"9":{"line":91,"type":"binary-expr","locations":[{"start":{"line":91,"column":42},"end":{"line":91,"column":73}},{"start":{"line":91,"column":77},"end":{"line":99,"column":9}}]},"10":{"line":102,"type":"binary-expr","locations":[{"start":{"line":102,"column":18},"end":{"line":102,"column":32}},{"start":{"line":103,"column":12},"end":{"line":103,"column":53}},{"start":{"line":104,"column":12},"end":{"line":104,"column":61}}]},"11":{"line":112,"type":"binary-expr","locations":[{"start":{"line":112,"column":45},"end":{"line":112,"column":79},"skip":true},{"start":{"line":112,"column":83},"end":{"line":121,"column":9},"skip":true}]},"12":{"line":123,"type":"binary-expr","locations":[{"start":{"line":123,"column":42},"end":{"line":123,"column":73},"skip":true},{"start":{"line":123,"column":77},"end":{"line":136,"column":9},"skip":true}]},"13":{"line":138,"type":"binary-expr","locations":[{"start":{"line":138,"column":48},"end":{"line":138,"column":85},"skip":true},{"start":{"line":139,"column":12},"end":{"line":145,"column":13},"skip":true}]},"14":{"line":147,"type":"binary-expr","locations":[{"start":{"line":147,"column":42},"end":{"line":147,"column":73},"skip":true},{"start":{"line":147,"column":77},"end":{"line":156,"column":9},"skip":true}]},"15":{"line":158,"type":"binary-expr","locations":[{"start":{"line":158,"column":45},"end":{"line":158,"column":79},"skip":true},{"start":{"line":158,"column":83},"end":{"line":167,"column":9},"skip":true}]},"16":{"line":169,"type":"binary-expr","locations":[{"start":{"line":169,"column":43},"end":{"line":169,"column":75},"skip":true},{"start":{"line":169,"column":79},"end":{"line":178,"column":9},"skip":true}]},"17":{"line":180,"type":"binary-expr","locations":[{"start":{"line":180,"column":41},"end":{"line":180,"column":71},"skip":true},{"start":{"line":180,"column":75},"end":{"line":189,"column":9},"skip":true}]}},"code":["/* istanbul instrument in package npmtest_react_native_store */","/*jslint","    bitwise: true,","    browser: true,","    maxerr: 8,","    maxlen: 96,","    node: true,","    nomen: true,","    regexp: true,","    stupid: true","*/","(function () {","    'use strict';","    var local;","","","","    // run shared js-env code - pre-init","    (function () {","        // init local","        local = {};","        // init modeJs","        local.modeJs = (function () {","            try {","                return typeof navigator.userAgent === 'string' &&","                    typeof document.querySelector('body') === 'object' &&","                    typeof XMLHttpRequest.prototype.open === 'function' &&","                    'browser';","            } catch (errorCaughtBrowser) {","                return module.exports &&","                    typeof process.versions.node === 'string' &&","                    typeof require('http').createServer === 'function' &&","                    'node';","            }","        }());","        // init global","        local.global = local.modeJs === 'browser'","            ? window","            : global;","        switch (local.modeJs) {","        // re-init local from window.local","        case 'browser':","            local = local.global.utility2.objectSetDefault(","                local.global.utility2_rollup || local.global.local,","                local.global.utility2","            );","            break;","        // re-init local from example.js","        case 'node':","            local = (local.global.utility2_rollup || require('utility2'))","                .requireExampleJsFromReadme();","            break;","        }","        // export local","        local.global.local = local;","    }());","","","","    // run shared js-env code - function","    (function () {","        return;","    }());","    switch (local.modeJs) {","","","","    // run browser js-env code - function","    case 'browser':","        break;","","","","    // run node js-env code - function","    case 'node':","        break;","    }","","","","    // run shared js-env code - post-init","    (function () {","        return;","    }());","    switch (local.modeJs) {","","","","    // run browser js-env code - post-init","    case 'browser':","        local.testCase_browser_nullCase = local.testCase_browser_nullCase || function (","            options,","            onError","        ) {","        /*","         * this function will test browsers's null-case handling-behavior-behavior","         */","            onError(null, options);","        };","","        // run tests","        local.nop(local.modeTest &&","            document.querySelector('#testRunButton1') &&","            document.querySelector('#testRunButton1').click());","        break;","","","","    // run node js-env code - post-init","    /* istanbul ignore next */","    case 'node':","        local.testCase_buildApidoc_default = local.testCase_buildApidoc_default || function (","            options,","            onError","        ) {","        /*","         * this function will test buildApidoc's default handling-behavior-behavior","         */","            options = { modulePathList: module.paths };","            local.buildApidoc(options, onError);","        };","","        local.testCase_buildApp_default = local.testCase_buildApp_default || function (","            options,","            onError","        ) {","        /*","         * this function will test buildApp's default handling-behavior-behavior","         */","            local.testCase_buildReadme_default(options, local.onErrorThrow);","            local.testCase_buildLib_default(options, local.onErrorThrow);","            local.testCase_buildTest_default(options, local.onErrorThrow);","            local.testCase_buildCustomOrg_default(options, local.onErrorThrow);","            options = [];","            local.buildApp(options, onError);","        };","","        local.testCase_buildCustomOrg_default = local.testCase_buildCustomOrg_default ||","            function (options, onError) {","            /*","             * this function will test buildCustomOrg's default handling-behavior","             */","                options = {};","                local.buildCustomOrg(options, onError);","            };","","        local.testCase_buildLib_default = local.testCase_buildLib_default || function (","            options,","            onError","        ) {","        /*","         * this function will test buildLib's default handling-behavior","         */","            options = {};","            local.buildLib(options, onError);","        };","","        local.testCase_buildReadme_default = local.testCase_buildReadme_default || function (","            options,","            onError","        ) {","        /*","         * this function will test buildReadme's default handling-behavior-behavior","         */","            options = {};","            local.buildReadme(options, onError);","        };","","        local.testCase_buildTest_default = local.testCase_buildTest_default || function (","            options,","            onError","        ) {","        /*","         * this function will test buildTest's default handling-behavior","         */","            options = {};","            local.buildTest(options, onError);","        };","","        local.testCase_webpage_default = local.testCase_webpage_default || function (","            options,","            onError","        ) {","        /*","         * this function will test webpage's default handling-behavior","         */","            options = { modeCoverageMerge: true, url: local.serverLocalHost + '?modeTest=1' };","            local.browserTest(options, onError);","        };","","        // run test-server","        local.testRunServer(local);","        break;","    }","}());",""],"l":{"12":2,"14":2,"19":2,"21":2,"23":2,"24":2,"25":2,"30":1,"37":2,"40":2,"43":1,"47":1,"50":1,"52":1,"55":2,"61":2,"62":2,"64":2,"70":1,"76":1,"82":2,"83":2,"85":2,"91":1,"98":1,"102":1,"105":1,"112":1,"119":1,"120":1,"123":1,"130":1,"131":1,"132":1,"133":1,"134":1,"135":1,"138":1,"143":2,"144":2,"147":1,"154":2,"155":2,"158":1,"165":2,"166":2,"169":1,"176":2,"177":2,"180":1,"187":1,"188":1,"192":1,"193":1}},"/home/travis/build/npmtest/node-npmtest-react-native-store/lib.npmtest_react_native_store.js":{"path":"/home/travis/build/npmtest/node-npmtest-react-native-store/lib.npmtest_react_native_store.js","s":{"1":2,"2":2,"3":2,"4":2,"5":2,"6":2,"7":2,"8":1,"9":2,"10":2,"11":2,"12":2,"13":1,"14":1,"15":1,"16":1},"b":{"1":[2,1,1,1],"2":[1,1,1,1],"3":[1,1],"4":[2,2],"5":[1,1]},"f":{"1":2,"2":2,"3":2},"fnMap":{"1":{"name":"(anonymous_1)","line":12,"loc":{"start":{"line":12,"column":1},"end":{"line":12,"column":13}}},"2":{"name":"(anonymous_2)","line":19,"loc":{"start":{"line":19,"column":5},"end":{"line":19,"column":17}}},"3":{"name":"(anonymous_3)","line":23,"loc":{"start":{"line":23,"column":24},"end":{"line":23,"column":36}}}},"statementMap":{"1":{"start":{"line":12,"column":0},"end":{"line":53,"column":5}},"2":{"start":{"line":14,"column":4},"end":{"line":14,"column":14}},"3":{"start":{"line":19,"column":4},"end":{"line":52,"column":9}},"4":{"start":{"line":21,"column":8},"end":{"line":21,"column":19}},"5":{"start":{"line":23,"column":8},"end":{"line":35,"column":13}},"6":{"start":{"line":24,"column":12},"end":{"line":34,"column":13}},"7":{"start":{"line":25,"column":16},"end":{"line":28,"column":30}},"8":{"start":{"line":30,"column":16},"end":{"line":33,"column":27}},"9":{"start":{"line":37,"column":8},"end":{"line":39,"column":21}},"10":{"start":{"line":41,"column":8},"end":{"line":41,"column":54}},"11":{"start":{"line":43,"column":8},"end":{"line":43,"column":63}},"12":{"start":{"line":45,"column":8},"end":{"line":51,"column":9}},"13":{"start":{"line":46,"column":12},"end":{"line":46,"column":69}},"14":{"start":{"line":48,"column":12},"end":{"line":48,"column":35}},"15":{"start":{"line":49,"column":12},"end":{"line":49,"column":49}},"16":{"start":{"line":50,"column":12},"end":{"line":50,"column":43}}},"branchMap":{"1":{"line":25,"type":"binary-expr","locations":[{"start":{"line":25,"column":23},"end":{"line":25,"column":62}},{"start":{"line":26,"column":20},"end":{"line":26,"column":70}},{"start":{"line":27,"column":20},"end":{"line":27,"column":71}},{"start":{"line":28,"column":20},"end":{"line":28,"column":29}}]},"2":{"line":30,"type":"binary-expr","locations":[{"start":{"line":30,"column":23},"end":{"line":30,"column":37}},{"start":{"line":31,"column":20},"end":{"line":31,"column":61}},{"start":{"line":32,"column":20},"end":{"line":32,"column":70}},{"start":{"line":33,"column":20},"end":{"line":33,"column":26}}]},"3":{"line":37,"type":"cond-expr","locations":[{"start":{"line":38,"column":14},"end":{"line":38,"column":20}},{"start":{"line":39,"column":14},"end":{"line":39,"column":20}}]},"4":{"line":41,"type":"binary-expr","locations":[{"start":{"line":41,"column":16},"end":{"line":41,"column":44}},{"start":{"line":41,"column":48},"end":{"line":41,"column":53}}]},"5":{"line":45,"type":"if","locations":[{"start":{"line":45,"column":8},"end":{"line":45,"column":8}},{"start":{"line":45,"column":8},"end":{"line":45,"column":8}}]}},"code":["/* istanbul instrument in package npmtest_react_native_store */","/*jslint","    bitwise: true,","    browser: true,","    maxerr: 8,","    maxlen: 96,","    node: true,","    nomen: true,","    regexp: true,","    stupid: true","*/","(function () {","    'use strict';","    var local;","","","","    // run shared js-env code - pre-init","    (function () {","        // init local","        local = {};","        // init modeJs","        local.modeJs = (function () {","            try {","                return typeof navigator.userAgent === 'string' &&","                    typeof document.querySelector('body') === 'object' &&","                    typeof XMLHttpRequest.prototype.open === 'function' &&","                    'browser';","            } catch (errorCaughtBrowser) {","                return module.exports &&","                    typeof process.versions.node === 'string' &&","                    typeof require('http').createServer === 'function' &&","                    'node';","            }","        }());","        // init global","        local.global = local.modeJs === 'browser'","            ? window","            : global;","        // init utility2_rollup","        local = local.global.utility2_rollup || local;","        // init lib","        local.local = local.npmtest_react_native_store = local;","        // init exports","        if (local.modeJs === 'browser') {","            local.global.utility2_npmtest_react_native_store = local;","        } else {","            module.exports = local;","            module.exports.__dirname = __dirname;","            module.exports.module = module;","        }","    }());","}());",""],"l":{"12":2,"14":2,"19":2,"21":2,"23":2,"24":2,"25":2,"30":1,"37":2,"41":2,"43":2,"45":2,"46":1,"48":1,"49":1,"50":1}},"/home/travis/build/npmtest/node-npmtest-react-native-store/example.js":{"path":"/home/travis/build/npmtest/node-npmtest-react-native-store/example.js","s":{"1":2,"2":2,"3":2,"4":2,"5":2,"6":2,"7":2,"8":1,"9":2,"10":2,"11":2,"12":2,"13":1,"14":2,"15":2,"16":2,"17":2,"18":2,"19":0,"20":2,"21":1,"22":1,"23":1,"24":1,"25":1,"26":0,"27":0,"28":1,"29":1,"30":2,"31":0,"32":0,"33":0,"34":1,"35":2,"36":2,"37":3,"38":3,"39":3,"40":3,"41":0,"42":3,"43":3,"44":3,"45":1,"46":3,"47":1,"48":1,"49":1,"50":1,"51":1,"52":1,"53":1,"54":1,"55":1,"56":1,"57":0,"58":1,"59":6,"60":6,"61":1,"62":2,"63":0,"64":2,"65":1,"66":1,"67":0,"68":0,"69":0,"70":0,"71":0,"72":0,"73":0,"74":0,"75":0,"76":0,"77":0,"78":0,"79":0,"80":0,"81":0,"82":0,"83":0},"b":{"1":[2,1,1,1],"2":[1,1,1,1],"3":[1,1],"4":[2,2],"5":[1,1],"6":[1,1],"7":[2,0],"8":[2,1,1,1,1,1],"9":[0,2,0],"10":[1,1],"11":[2,1,1],"12":[1,0],"13":[0,2],"14":[2,0,0,0,0,0,0],"15":[0,3],"16":[3,0],"17":[1,1],"18":[0,1],"19":[1,2,0,2],"20":[1,0],"21":[1,1],"22":[0,0],"23":[0,0],"24":[0,0],"25":[0,0],"26":[0,0],"27":[0,0],"28":[0,0]},"f":{"1":2,"2":2,"3":2,"4":2,"5":2,"6":2,"7":3,"8":3,"9":3,"10":1,"11":6,"12":0},"fnMap":{"1":{"name":"(anonymous_1)","line":26,"loc":{"start":{"line":26,"column":1},"end":{"line":26,"column":13}}},"2":{"name":"(anonymous_2)","line":33,"loc":{"start":{"line":33,"column":5},"end":{"line":33,"column":17}}},"3":{"name":"(anonymous_3)","line":37,"loc":{"start":{"line":37,"column":24},"end":{"line":37,"column":36}}},"4":{"name":"(anonymous_4)","line":69,"loc":{"start":{"line":69,"column":31},"end":{"line":69,"column":48}},"skip":true},"5":{"name":"(anonymous_5)","line":78,"loc":{"start":{"line":78,"column":26},"end":{"line":78,"column":45}},"skip":true},"6":{"name":"(anonymous_6)","line":123,"loc":{"start":{"line":123,"column":33},"end":{"line":123,"column":48}},"skip":true},"7":{"name":"(anonymous_7)","line":125,"loc":{"start":{"line":125,"column":27},"end":{"line":125,"column":39}},"skip":true},"8":{"name":"(anonymous_8)","line":133,"loc":{"start":{"line":133,"column":59},"end":{"line":133,"column":74}},"skip":true},"9":{"name":"(anonymous_9)","line":143,"loc":{"start":{"line":143,"column":45},"end":{"line":143,"column":62}},"skip":true},"10":{"name":"(anonymous_10)","line":144,"loc":{"start":{"line":144,"column":73},"end":{"line":144,"column":92}},"skip":true},"11":{"name":"(anonymous_11)","line":272,"loc":{"start":{"line":272,"column":51},"end":{"line":272,"column":77}},"skip":true},"12":{"name":"(anonymous_12)","line":314,"loc":{"start":{"line":314,"column":32},"end":{"line":314,"column":61}},"skip":true}},"statementMap":{"1":{"start":{"line":26,"column":0},"end":{"line":325,"column":5}},"2":{"start":{"line":28,"column":4},"end":{"line":28,"column":14}},"3":{"start":{"line":33,"column":4},"end":{"line":60,"column":9}},"4":{"start":{"line":35,"column":8},"end":{"line":35,"column":19}},"5":{"start":{"line":37,"column":8},"end":{"line":49,"column":13}},"6":{"start":{"line":38,"column":12},"end":{"line":48,"column":13}},"7":{"start":{"line":39,"column":16},"end":{"line":42,"column":30}},"8":{"start":{"line":44,"column":16},"end":{"line":47,"column":27}},"9":{"start":{"line":51,"column":8},"end":{"line":53,"column":21}},"10":{"start":{"line":55,"column":8},"end":{"line":57,"column":45}},"11":{"start":{"line":59,"column":8},"end":{"line":59,"column":35}},"12":{"start":{"line":61,"column":4},"end":{"line":324,"column":5}},"13":{"start":{"line":69,"column":8},"end":{"line":121,"column":10},"skip":true},"14":{"start":{"line":70,"column":12},"end":{"line":88,"column":13},"skip":true},"15":{"start":{"line":76,"column":16},"end":{"line":87,"column":19},"skip":true},"16":{"start":{"line":79,"column":20},"end":{"line":86,"column":21},"skip":true},"17":{"start":{"line":82,"column":24},"end":{"line":82,"column":43},"skip":true},"18":{"start":{"line":83,"column":24},"end":{"line":83,"column":30},"skip":true},"19":{"start":{"line":85,"column":24},"end":{"line":85,"column":49},"skip":true},"20":{"start":{"line":89,"column":12},"end":{"line":107,"column":13},"skip":true},"21":{"start":{"line":92,"column":16},"end":{"line":102,"column":17},"skip":true},"22":{"start":{"line":93,"column":20},"end":{"line":93,"column":86},"skip":true},"23":{"start":{"line":94,"column":20},"end":{"line":95,"column":45},"skip":true},"24":{"start":{"line":96,"column":20},"end":{"line":96,"column":42},"skip":true},"25":{"start":{"line":97,"column":20},"end":{"line":97,"column":48},"skip":true},"26":{"start":{"line":100,"column":20},"end":{"line":100,"column":85},"skip":true},"27":{"start":{"line":101,"column":20},"end":{"line":101,"column":96},"skip":true},"28":{"start":{"line":103,"column":16},"end":{"line":103,"column":22},"skip":true},"29":{"start":{"line":106,"column":16},"end":{"line":106,"column":22},"skip":true},"30":{"start":{"line":108,"column":12},"end":{"line":120,"column":13},"skip":true},"31":{"start":{"line":114,"column":16},"end":{"line":119,"column":17},"skip":true},"32":{"start":{"line":116,"column":20},"end":{"line":116,"column":78},"skip":true},"33":{"start":{"line":118,"column":20},"end":{"line":118,"column":47},"skip":true},"34":{"start":{"line":123,"column":8},"end":{"line":141,"column":11},"skip":true},"35":{"start":{"line":124,"column":12},"end":{"line":124,"column":54},"skip":true},"36":{"start":{"line":125,"column":12},"end":{"line":140,"column":14},"skip":true},"37":{"start":{"line":126,"column":16},"end":{"line":126,"column":28},"skip":true},"38":{"start":{"line":127,"column":16},"end":{"line":127,"column":69},"skip":true},"39":{"start":{"line":128,"column":16},"end":{"line":128,"column":75},"skip":true},"40":{"start":{"line":129,"column":16},"end":{"line":131,"column":17},"skip":true},"41":{"start":{"line":130,"column":20},"end":{"line":130,"column":27},"skip":true},"42":{"start":{"line":133,"column":16},"end":{"line":137,"column":36},"skip":true},"43":{"start":{"line":134,"column":20},"end":{"line":136,"column":55},"skip":true},"44":{"start":{"line":139,"column":16},"end":{"line":139,"column":57},"skip":true},"45":{"start":{"line":143,"column":8},"end":{"line":147,"column":11},"skip":true},"46":{"start":{"line":144,"column":12},"end":{"line":146,"column":15},"skip":true},"47":{"start":{"line":145,"column":16},"end":{"line":145,"column":70},"skip":true},"48":{"start":{"line":149,"column":8},"end":{"line":149,"column":31},"skip":true},"49":{"start":{"line":150,"column":8},"end":{"line":150,"column":14},"skip":true},"50":{"start":{"line":158,"column":8},"end":{"line":158,"column":31},"skip":true},"51":{"start":{"line":160,"column":8},"end":{"line":160,"column":33},"skip":true},"52":{"start":{"line":161,"column":8},"end":{"line":161,"column":37},"skip":true},"53":{"start":{"line":162,"column":8},"end":{"line":162,"column":35},"skip":true},"54":{"start":{"line":164,"column":8},"end":{"line":164,"column":50},"skip":true},"55":{"start":{"line":166,"column":8},"end":{"line":256,"column":2},"skip":true},"56":{"start":{"line":258,"column":8},"end":{"line":286,"column":9},"skip":true},"57":{"start":{"line":259,"column":12},"end":{"line":269,"column":14},"skip":true},"58":{"start":{"line":271,"column":12},"end":{"line":285,"column":19},"skip":true},"59":{"start":{"line":274,"column":20},"end":{"line":274,"column":35},"skip":true},"60":{"start":{"line":275,"column":20},"end":{"line":284,"column":21},"skip":true},"61":{"start":{"line":277,"column":24},"end":{"line":277,"column":64},"skip":true},"62":{"start":{"line":279,"column":24},"end":{"line":279,"column":40},"skip":true},"63":{"start":{"line":281,"column":24},"end":{"line":281,"column":40},"skip":true},"64":{"start":{"line":283,"column":24},"end":{"line":283,"column":39},"skip":true},"65":{"start":{"line":288,"column":8},"end":{"line":290,"column":9},"skip":true},"66":{"start":{"line":289,"column":12},"end":{"line":289,"column":18},"skip":true},"67":{"start":{"line":291,"column":8},"end":{"line":293,"column":54},"skip":true},"68":{"start":{"line":294,"column":8},"end":{"line":301,"column":37},"skip":true},"69":{"start":{"line":302,"column":8},"end":{"line":302,"column":82},"skip":true},"70":{"start":{"line":305,"column":8},"end":{"line":307,"column":9},"skip":true},"71":{"start":{"line":306,"column":12},"end":{"line":306,"column":82},"skip":true},"72":{"start":{"line":309,"column":8},"end":{"line":311,"column":9},"skip":true},"73":{"start":{"line":310,"column":12},"end":{"line":310,"column":18},"skip":true},"74":{"start":{"line":312,"column":8},"end":{"line":312,"column":54},"skip":true},"75":{"start":{"line":313,"column":8},"end":{"line":313,"column":69},"skip":true},"76":{"start":{"line":314,"column":8},"end":{"line":322,"column":36},"skip":true},"77":{"start":{"line":315,"column":12},"end":{"line":315,"column":61},"skip":true},"78":{"start":{"line":316,"column":12},"end":{"line":319,"column":13},"skip":true},"79":{"start":{"line":317,"column":16},"end":{"line":317,"column":75},"skip":true},"80":{"start":{"line":318,"column":16},"end":{"line":318,"column":23},"skip":true},"81":{"start":{"line":320,"column":12},"end":{"line":320,"column":38},"skip":true},"82":{"start":{"line":321,"column":12},"end":{"line":321,"column":27},"skip":true},"83":{"start":{"line":323,"column":8},"end":{"line":323,"column":14},"skip":true}},"branchMap":{"1":{"line":39,"type":"binary-expr","locations":[{"start":{"line":39,"column":23},"end":{"line":39,"column":62}},{"start":{"line":40,"column":20},"end":{"line":40,"column":70}},{"start":{"line":41,"column":20},"end":{"line":41,"column":71}},{"start":{"line":42,"column":20},"end":{"line":42,"column":29}}]},"2":{"line":44,"type":"binary-expr","locations":[{"start":{"line":44,"column":23},"end":{"line":44,"column":37}},{"start":{"line":45,"column":20},"end":{"line":45,"column":61}},{"start":{"line":46,"column":20},"end":{"line":46,"column":70}},{"start":{"line":47,"column":20},"end":{"line":47,"column":26}}]},"3":{"line":51,"type":"cond-expr","locations":[{"start":{"line":52,"column":14},"end":{"line":52,"column":20}},{"start":{"line":53,"column":14},"end":{"line":53,"column":20}}]},"4":{"line":55,"type":"binary-expr","locations":[{"start":{"line":55,"column":16},"end":{"line":55,"column":44}},{"start":{"line":55,"column":49},"end":{"line":57,"column":43}}]},"5":{"line":55,"type":"cond-expr","locations":[{"start":{"line":56,"column":14},"end":{"line":56,"column":62}},{"start":{"line":57,"column":14},"end":{"line":57,"column":43}}]},"6":{"line":61,"type":"switch","locations":[{"start":{"line":68,"column":4},"end":{"line":150,"column":14},"skip":true},{"start":{"line":156,"column":4},"end":{"line":323,"column":14},"skip":true}]},"7":{"line":70,"type":"if","locations":[{"start":{"line":70,"column":12},"end":{"line":70,"column":12},"skip":true},{"start":{"line":70,"column":12},"end":{"line":70,"column":12},"skip":true}]},"8":{"line":70,"type":"binary-expr","locations":[{"start":{"line":70,"column":16},"end":{"line":70,"column":22},"skip":true},{"start":{"line":70,"column":27},"end":{"line":70,"column":32},"skip":true},{"start":{"line":71,"column":20},"end":{"line":71,"column":39},"skip":true},{"start":{"line":72,"column":20},"end":{"line":72,"column":49},"skip":true},{"start":{"line":73,"column":20},"end":{"line":73,"column":58},"skip":true},{"start":{"line":74,"column":20},"end":{"line":74,"column":69},"skip":true}]},"9":{"line":79,"type":"switch","locations":[{"start":{"line":80,"column":20},"end":{"line":80,"column":33},"skip":true},{"start":{"line":81,"column":20},"end":{"line":83,"column":30},"skip":true},{"start":{"line":84,"column":20},"end":{"line":85,"column":49},"skip":true}]},"10":{"line":89,"type":"switch","locations":[{"start":{"line":90,"column":12},"end":{"line":103,"column":22},"skip":true},{"start":{"line":105,"column":12},"end":{"line":106,"column":22},"skip":true}]},"11":{"line":89,"type":"binary-expr","locations":[{"start":{"line":89,"column":20},"end":{"line":89,"column":25},"skip":true},{"start":{"line":89,"column":29},"end":{"line":89,"column":48},"skip":true},{"start":{"line":89,"column":52},"end":{"line":89,"column":74},"skip":true}]},"12":{"line":92,"type":"if","locations":[{"start":{"line":92,"column":16},"end":{"line":92,"column":16},"skip":true},{"start":{"line":92,"column":16},"end":{"line":92,"column":16},"skip":true}]},"13":{"line":108,"type":"if","locations":[{"start":{"line":108,"column":12},"end":{"line":108,"column":12},"skip":true},{"start":{"line":108,"column":12},"end":{"line":108,"column":12},"skip":true}]},"14":{"line":108,"type":"binary-expr","locations":[{"start":{"line":108,"column":16},"end":{"line":108,"column":61},"skip":true},{"start":{"line":108,"column":66},"end":{"line":108,"column":72},"skip":true},{"start":{"line":108,"column":77},"end":{"line":108,"column":82},"skip":true},{"start":{"line":109,"column":20},"end":{"line":109,"column":39},"skip":true},{"start":{"line":110,"column":20},"end":{"line":110,"column":49},"skip":true},{"start":{"line":111,"column":20},"end":{"line":111,"column":58},"skip":true},{"start":{"line":112,"column":20},"end":{"line":112,"column":68},"skip":true}]},"15":{"line":129,"type":"if","locations":[{"start":{"line":129,"column":16},"end":{"line":129,"column":16},"skip":true},{"start":{"line":129,"column":16},"end":{"line":129,"column":16},"skip":true}]},"16":{"line":134,"type":"cond-expr","locations":[{"start":{"line":135,"column":26},"end":{"line":135,"column":29},"skip":true},{"start":{"line":136,"column":26},"end":{"line":136,"column":54},"skip":true}]},"17":{"line":164,"type":"binary-expr","locations":[{"start":{"line":164,"column":27},"end":{"line":164,"column":43},"skip":true},{"start":{"line":164,"column":47},"end":{"line":164,"column":49},"skip":true}]},"18":{"line":258,"type":"if","locations":[{"start":{"line":258,"column":8},"end":{"line":258,"column":8},"skip":true},{"start":{"line":258,"column":8},"end":{"line":258,"column":8},"skip":true}]},"19":{"line":275,"type":"switch","locations":[{"start":{"line":276,"column":20},"end":{"line":277,"column":64},"skip":true},{"start":{"line":278,"column":20},"end":{"line":279,"column":40},"skip":true},{"start":{"line":280,"column":20},"end":{"line":281,"column":40},"skip":true},{"start":{"line":282,"column":20},"end":{"line":283,"column":39},"skip":true}]},"20":{"line":288,"type":"if","locations":[{"start":{"line":288,"column":8},"end":{"line":288,"column":8},"skip":true},{"start":{"line":288,"column":8},"end":{"line":288,"column":8},"skip":true}]},"21":{"line":288,"type":"binary-expr","locations":[{"start":{"line":288,"column":12},"end":{"line":288,"column":40},"skip":true},{"start":{"line":288,"column":44},"end":{"line":288,"column":67},"skip":true}]},"22":{"line":292,"type":"binary-expr","locations":[{"start":{"line":292,"column":12},"end":{"line":292,"column":50},"skip":true},{"start":{"line":293,"column":12},"end":{"line":293,"column":53},"skip":true}]},"23":{"line":295,"type":"binary-expr","locations":[{"start":{"line":295,"column":12},"end":{"line":295,"column":76},"skip":true},{"start":{"line":296,"column":12},"end":{"line":301,"column":36},"skip":true}]},"24":{"line":302,"type":"binary-expr","locations":[{"start":{"line":302,"column":43},"end":{"line":302,"column":75},"skip":true},{"start":{"line":302,"column":79},"end":{"line":302,"column":81},"skip":true}]},"25":{"line":305,"type":"if","locations":[{"start":{"line":305,"column":8},"end":{"line":305,"column":8},"skip":true},{"start":{"line":305,"column":8},"end":{"line":305,"column":8},"skip":true}]},"26":{"line":309,"type":"if","locations":[{"start":{"line":309,"column":8},"end":{"line":309,"column":8},"skip":true},{"start":{"line":309,"column":8},"end":{"line":309,"column":8},"skip":true}]},"27":{"line":312,"type":"binary-expr","locations":[{"start":{"line":312,"column":27},"end":{"line":312,"column":43},"skip":true},{"start":{"line":312,"column":47},"end":{"line":312,"column":53},"skip":true}]},"28":{"line":316,"type":"if","locations":[{"start":{"line":316,"column":12},"end":{"line":316,"column":12},"skip":true},{"start":{"line":316,"column":12},"end":{"line":316,"column":12},"skip":true}]}},"code":["/*","example.js","","quickstart example","","instruction","    1. save this script as example.js","    2. run the shell command:","        $ npm install npmtest-react-native-store && PORT=8081 node example.js","    3. play with the browser-demo on http://127.0.0.1:8081","*/","","","","/* istanbul instrument in package npmtest_react_native_store */","/*jslint","    bitwise: true,","    browser: true,","    maxerr: 8,","    maxlen: 96,","    node: true,","    nomen: true,","    regexp: true,","    stupid: true","*/","(function () {","    'use strict';","    var local;","","","","    // run shared js-env code - pre-init","    (function () {","        // init local","        local = {};","        // init modeJs","        local.modeJs = (function () {","            try {","                return typeof navigator.userAgent === 'string' &&","                    typeof document.querySelector('body') === 'object' &&","                    typeof XMLHttpRequest.prototype.open === 'function' &&","                    'browser';","            } catch (errorCaughtBrowser) {","                return module.exports &&","                    typeof process.versions.node === 'string' &&","                    typeof require('http').createServer === 'function' &&","                    'node';","            }","        }());","        // init global","        local.global = local.modeJs === 'browser'","            ? window","            : global;","        // init utility2_rollup","        local = local.global.utility2_rollup || (local.modeJs === 'browser'","            ? local.global.utility2_npmtest_react_native_store","            : global.utility2_moduleExports);","        // export local","        local.global.local = local;","    }());","    switch (local.modeJs) {","","","","    // post-init","    // run browser js-env code - post-init","    /* istanbul ignore next */","    case 'browser':","        local.testRunBrowser = function (event) {","            if (!event || (event &&","                    event.currentTarget &&","                    event.currentTarget.className &&","                    event.currentTarget.className.includes &&","                    event.currentTarget.className.includes('onreset'))) {","                // reset output","                Array.from(","                    document.querySelectorAll('body > .resettable')","                ).forEach(function (element) {","                    switch (element.tagName) {","                    case 'INPUT':","                    case 'TEXTAREA':","                        element.value = '';","                        break;","                    default:","                        element.textContent = '';","                    }","                });","            }","            switch (event && event.currentTarget && event.currentTarget.id) {","            case 'testRunButton1':","                // show tests","                if (document.querySelector('#testReportDiv1').style.display === 'none') {","                    document.querySelector('#testReportDiv1').style.display = 'block';","                    document.querySelector('#testRunButton1').textContent =","                        'hide internal test';","                    local.modeTest = true;","                    local.testRunDefault(local);","                // hide tests","                } else {","                    document.querySelector('#testReportDiv1').style.display = 'none';","                    document.querySelector('#testRunButton1').textContent = 'run internal test';","                }","                break;","            // custom-case","            default:","                break;","            }","            if (document.querySelector('#inputTextareaEval1') && (!event || (event &&","                    event.currentTarget &&","                    event.currentTarget.className &&","                    event.currentTarget.className.includes &&","                    event.currentTarget.className.includes('oneval')))) {","                // try to eval input-code","                try {","                    /*jslint evil: true*/","                    eval(document.querySelector('#inputTextareaEval1').value);","                } catch (errorCaught) {","                    console.error(errorCaught);","                }","            }","        };","        // log stderr and stdout to #outputTextareaStdout1","        ['error', 'log'].forEach(function (key) {","            console[key + '_original'] = console[key];","            console[key] = function () {","                var element;","                console[key + '_original'].apply(console, arguments);","                element = document.querySelector('#outputTextareaStdout1');","                if (!element) {","                    return;","                }","                // append text to #outputTextareaStdout1","                element.value += Array.from(arguments).map(function (arg) {","                    return typeof arg === 'string'","                        ? arg","                        : JSON.stringify(arg, null, 4);","                }).join(' ') + '\\n';","                // scroll textarea to bottom","                element.scrollTop = element.scrollHeight;","            };","        });","        // init event-handling","        ['change', 'click', 'keyup'].forEach(function (event) {","            Array.from(document.querySelectorAll('.on' + event)).forEach(function (element) {","                element.addEventListener(event, local.testRunBrowser);","            });","        });","        // run tests","        local.testRunBrowser();","        break;","","","","    // run node js-env code - post-init","    /* istanbul ignore next */","    case 'node':","        // export local","        module.exports = local;","        // require modules","        local.fs = require('fs');","        local.http = require('http');","        local.url = require('url');","        // init assets","        local.assetsDict = local.assetsDict || {};","        /* jslint-ignore-begin */","        local.assetsDict['/assets.index.template.html'] = '\\","<!doctype html>\\n\\","<html lang=\"en\">\\n\\","<head>\\n\\","<meta charset=\"UTF-8\">\\n\\","<meta name=\"viewport\" content=\"width=device-width, initial-scale=1\">\\n\\","<title>{{env.npm_package_name}} (v{{env.npm_package_version}})</title>\\n\\","<style>\\n\\","/*csslint\\n\\","    box-sizing: false,\\n\\","    universal-selector: false\\n\\","*/\\n\\","* {\\n\\","    box-sizing: border-box;\\n\\","}\\n\\","body {\\n\\","    background: #dde;\\n\\","    font-family: Arial, Helvetica, sans-serif;\\n\\","    margin: 2rem;\\n\\","}\\n\\","body > * {\\n\\","    margin-bottom: 1rem;\\n\\","}\\n\\",".utility2FooterDiv {\\n\\","    margin-top: 20px;\\n\\","    text-align: center;\\n\\","}\\n\\","</style>\\n\\","<style>\\n\\","/*csslint\\n\\","*/\\n\\","textarea {\\n\\","    font-family: monospace;\\n\\","    height: 10rem;\\n\\","    width: 100%;\\n\\","}\\n\\","textarea[readonly] {\\n\\","    background: #ddd;\\n\\","}\\n\\","</style>\\n\\","</head>\\n\\","<body>\\n\\","<!-- utility2-comment\\n\\","<div id=\"ajaxProgressDiv1\" style=\"background: #d00; height: 2px; left: 0; margin: 0; padding: 0; position: fixed; top: 0; transition: background 0.5s, width 1.5s; width: 25%;\"></div>\\n\\","utility2-comment -->\\n\\","<h1>\\n\\","<!-- utility2-comment\\n\\","    <a\\n\\","        {{#if env.npm_package_homepage}}\\n\\","        href=\"{{env.npm_package_homepage}}\"\\n\\","        {{/if env.npm_package_homepage}}\\n\\","        target=\"_blank\"\\n\\","    >\\n\\","utility2-comment -->\\n\\","        {{env.npm_package_name}} (v{{env.npm_package_version}})\\n\\","<!-- utility2-comment\\n\\","    </a>\\n\\","utility2-comment -->\\n\\","</h1>\\n\\","<h3>{{env.npm_package_description}}</h3>\\n\\","<!-- utility2-comment\\n\\","<h4><a download href=\"assets.app.js\">download standalone app</a></h4>\\n\\","<button class=\"onclick onreset\" id=\"testRunButton1\">run internal test</button><br>\\n\\","<div id=\"testReportDiv1\" style=\"display: none;\"></div>\\n\\","utility2-comment -->\\n\\","\\n\\","\\n\\","\\n\\","<label>stderr and stdout</label>\\n\\","<textarea class=\"resettable\" id=\"outputTextareaStdout1\" readonly></textarea>\\n\\","<!-- utility2-comment\\n\\","{{#if isRollup}}\\n\\","<script src=\"assets.app.js\"></script>\\n\\","{{#unless isRollup}}\\n\\","utility2-comment -->\\n\\","<script src=\"assets.utility2.rollup.js\"></script>\\n\\","<script src=\"jsonp.utility2._stateInit?callback=window.utility2._stateInit\"></script>\\n\\","<script src=\"assets.npmtest_react_native_store.rollup.js\"></script>\\n\\","<script src=\"assets.example.js\"></script>\\n\\","<script src=\"assets.test.js\"></script>\\n\\","<!-- utility2-comment\\n\\","{{/if isRollup}}\\n\\","utility2-comment -->\\n\\","<div class=\"utility2FooterDiv\">\\n\\","    [ this app was created with\\n\\","    <a href=\"https://github.com/kaizhu256/node-utility2\" target=\"_blank\">utility2</a>\\n\\","    ]\\n\\","</div>\\n\\","</body>\\n\\","</html>\\n\\","';","        /* jslint-ignore-end */","        if (local.templateRender) {","            local.assetsDict['/'] = local.templateRender(","                local.assetsDict['/assets.index.template.html'],","                {","                    env: local.objectSetDefault(local.env, {","                        npm_package_description: 'the greatest app in the world!',","                        npm_package_name: 'my-app',","                        npm_package_nameAlias: 'my_app',","                        npm_package_version: '0.0.1'","                    })","                }","            );","        } else {","            local.assetsDict['/'] = local.assetsDict['/assets.index.template.html']","                .replace((/\\{\\{env\\.(\\w+?)\\}\\}/g), function (match0, match1) {","                    // jslint-hack","                    String(match0);","                    switch (match1) {","                    case 'npm_package_description':","                        return 'the greatest app in the world!';","                    case 'npm_package_name':","                        return 'my-app';","                    case 'npm_package_nameAlias':","                        return 'my_app';","                    case 'npm_package_version':","                        return '0.0.1';","                    }","                });","        }","        // run the cli","        if (local.global.utility2_rollup || module !== require.main) {","            break;","        }","        local.assetsDict['/assets.example.js'] =","            local.assetsDict['/assets.example.js'] ||","            local.fs.readFileSync(__filename, 'utf8');","        local.assetsDict['/assets.npmtest_react_native_store.rollup.js'] =","            local.assetsDict['/assets.npmtest_react_native_store.rollup.js'] ||","            local.fs.readFileSync(","                // buildCustomOrg-hack","                local.npmtest_react_native_store.__dirname +","                    '/lib.npmtest_react_native_store.js',","                'utf8'","            ).replace((/^#!/), '//');","        local.assetsDict['/favicon.ico'] = local.assetsDict['/favicon.ico'] || '';","        // if $npm_config_timeout_exit exists,","        // then exit this process after $npm_config_timeout_exit ms","        if (Number(process.env.npm_config_timeout_exit)) {","            setTimeout(process.exit, Number(process.env.npm_config_timeout_exit));","        }","        // start server","        if (local.global.utility2_serverHttp1) {","            break;","        }","        process.env.PORT = process.env.PORT || '8081';","        console.error('server starting on port ' + process.env.PORT);","        local.http.createServer(function (request, response) {","            request.urlParsed = local.url.parse(request.url);","            if (local.assetsDict[request.urlParsed.pathname] !== undefined) {","                response.end(local.assetsDict[request.urlParsed.pathname]);","                return;","            }","            response.statusCode = 404;","            response.end();","        }).listen(process.env.PORT);","        break;","    }","}());",""],"l":{"26":2,"28":2,"33":2,"35":2,"37":2,"38":2,"39":2,"44":1,"51":2,"55":2,"59":2,"61":2,"69":1,"70":2,"76":2,"79":2,"82":2,"83":2,"85":1,"89":2,"92":1,"93":1,"94":1,"96":1,"97":1,"100":1,"101":1,"103":1,"106":1,"108":2,"114":1,"116":1,"118":1,"123":1,"124":2,"125":2,"126":3,"127":3,"128":3,"129":3,"130":1,"133":3,"134":3,"139":3,"143":1,"144":3,"145":1,"149":1,"150":1,"158":1,"160":1,"161":1,"162":1,"164":1,"166":1,"258":1,"259":1,"271":1,"274":6,"275":6,"277":1,"279":2,"281":1,"283":2,"288":1,"289":1,"291":1,"294":1,"302":1,"305":1,"306":1,"309":1,"310":1,"312":1,"313":1,"314":1,"315":1,"316":1,"317":1,"318":1,"320":1,"321":1,"323":1}},"/home/travis/build/npmtest/node-npmtest-react-native-store/node_modules/react-native-store/lib/index.js":{"path":"/home/travis/build/npmtest/node-npmtest-react-native-store/node_modules/react-native-store/lib/index.js","s":{"1":2,"2":0,"3":0},"b":{},"f":{},"fnMap":{},"statementMap":{"1":{"start":{"line":3,"column":0},"end":{"line":3,"column":34}},"2":{"start":{"line":4,"column":0},"end":{"line":6,"column":3}},"3":{"start":{"line":8,"column":0},"end":{"line":8,"column":23}}},"branchMap":{},"code":["'use strict';","","var Store = require('./store.js');","var store = new Store({","    dbName: \"react-native-store\"","});","","module.exports = store;"],"l":{"3":2,"4":0,"8":0}},"/home/travis/build/npmtest/node-npmtest-react-native-store/node_modules/react-native-store/lib/store.js":{"path":"/home/travis/build/npmtest/node-npmtest-react-native-store/node_modules/react-native-store/lib/store.js","s":{"1":4,"2":1,"3":0,"4":0,"5":0,"6":0,"7":0,"8":0,"9":0,"10":4,"11":0,"12":0,"13":0,"14":0,"15":0,"16":1,"17":0,"18":0,"19":0,"20":1,"21":0,"22":0,"23":0,"24":0,"25":0,"26":0,"27":0,"28":0,"29":0,"30":0,"31":0,"32":1,"33":0,"34":0,"35":4,"36":0,"37":0,"38":0,"39":1,"40":0,"41":0,"42":0,"43":0,"44":0,"45":0,"46":0,"47":0,"48":0,"49":0,"50":0,"51":0,"52":0,"53":0,"54":0,"55":0,"56":0,"57":0,"58":0,"59":0,"60":0,"61":0,"62":0,"63":0,"64":0,"65":0,"66":0,"67":0,"68":0,"69":0,"70":0,"71":0,"72":0,"73":0,"74":0,"75":0,"76":0,"77":0,"78":0,"79":0,"80":0,"81":0,"82":0,"83":0,"84":0,"85":0,"86":0,"87":0,"88":0,"89":0,"90":0,"91":0,"92":0,"93":0,"94":0,"95":0,"96":0,"97":0,"98":0,"99":0,"100":0,"101":0,"102":0,"103":0,"104":0,"105":0,"106":0,"107":0,"108":0,"109":0,"110":0,"111":0,"112":0,"113":0,"114":0,"115":0,"116":0,"117":0,"118":0,"119":0,"120":0,"121":0},"b":{"1":[0,0],"2":[0,0],"3":[0,0],"4":[0,0],"5":[0,0],"6":[0,0],"7":[0,0,0,0],"8":[0,0],"9":[0,0,0,0,0,0,0,0,0,0,0,0,0,0],"10":[0,0],"11":[0,0],"12":[0,0],"13":[0,0],"14":[0,0],"15":[0,0],"16":[0,0,0]},"f":{"1":4,"2":0,"3":0,"4":0,"5":0,"6":0,"7":0,"8":0,"9":0,"10":0,"11":0,"12":0,"13":0,"14":0,"15":0,"16":0,"17":0,"18":0,"19":0,"20":0,"21":0,"22":0,"23":0,"24":0,"25":0},"fnMap":{"1":{"name":"(anonymous_1)","line":3,"loc":{"start":{"line":3,"column":19},"end":{"line":3,"column":31}}},"2":{"name":"defineProperties","line":3,"loc":{"start":{"line":3,"column":33},"end":{"line":3,"column":74}}},"3":{"name":"(anonymous_3)","line":3,"loc":{"start":{"line":3,"column":357},"end":{"line":3,"column":405}}},"4":{"name":"_asyncToGenerator","line":5,"loc":{"start":{"line":5,"column":0},"end":{"line":5,"column":31}}},"5":{"name":"(anonymous_5)","line":5,"loc":{"start":{"line":5,"column":40},"end":{"line":5,"column":52}}},"6":{"name":"(anonymous_6)","line":5,"loc":{"start":{"line":5,"column":110},"end":{"line":5,"column":137}}},"7":{"name":"step","line":5,"loc":{"start":{"line":5,"column":139},"end":{"line":5,"column":163}}},"8":{"name":"(anonymous_8)","line":5,"loc":{"start":{"line":5,"column":341},"end":{"line":5,"column":358}}},"9":{"name":"(anonymous_9)","line":5,"loc":{"start":{"line":5,"column":391},"end":{"line":5,"column":406}}},"10":{"name":"_classCallCheck","line":7,"loc":{"start":{"line":7,"column":0},"end":{"line":7,"column":48}}},"11":{"name":"(anonymous_11)","line":13,"loc":{"start":{"line":13,"column":12},"end":{"line":13,"column":24}}},"12":{"name":"Store","line":14,"loc":{"start":{"line":14,"column":4},"end":{"line":14,"column":25}}},"13":{"name":"(anonymous_13)","line":22,"loc":{"start":{"line":22,"column":15},"end":{"line":22,"column":27}}},"14":{"name":"_callee","line":23,"loc":{"start":{"line":23,"column":64},"end":{"line":23,"column":93}}},"15":{"name":"_callee$","line":25,"loc":{"start":{"line":25,"column":47},"end":{"line":25,"column":75}}},"16":{"name":"_getCurrentVersion","line":46,"loc":{"start":{"line":46,"column":19},"end":{"line":46,"column":51}}},"17":{"name":"(anonymous_17)","line":52,"loc":{"start":{"line":52,"column":15},"end":{"line":52,"column":27}}},"18":{"name":"_callee2","line":53,"loc":{"start":{"line":53,"column":64},"end":{"line":53,"column":84}}},"19":{"name":"_callee2$","line":56,"loc":{"start":{"line":56,"column":47},"end":{"line":56,"column":77}}},"20":{"name":"migrate","line":150,"loc":{"start":{"line":150,"column":19},"end":{"line":150,"column":38}}},"21":{"name":"model","line":156,"loc":{"start":{"line":156,"column":15},"end":{"line":156,"column":41}}},"22":{"name":"(anonymous_22)","line":164,"loc":{"start":{"line":164,"column":15},"end":{"line":164,"column":27}}},"23":{"name":"_callee3","line":165,"loc":{"start":{"line":165,"column":64},"end":{"line":165,"column":84}}},"24":{"name":"_callee3$","line":166,"loc":{"start":{"line":166,"column":47},"end":{"line":166,"column":77}}},"25":{"name":"clear","line":181,"loc":{"start":{"line":181,"column":19},"end":{"line":181,"column":36}}}},"statementMap":{"1":{"start":{"line":3,"column":0},"end":{"line":3,"column":564}},"2":{"start":{"line":3,"column":33},"end":{"line":3,"column":349}},"3":{"start":{"line":3,"column":76},"end":{"line":3,"column":347}},"4":{"start":{"line":3,"column":117},"end":{"line":3,"column":143}},"5":{"start":{"line":3,"column":144},"end":{"line":3,"column":199}},"6":{"start":{"line":3,"column":200},"end":{"line":3,"column":231}},"7":{"start":{"line":3,"column":232},"end":{"line":3,"column":286}},"8":{"start":{"line":3,"column":259},"end":{"line":3,"column":286}},"9":{"start":{"line":3,"column":287},"end":{"line":3,"column":345}},"10":{"start":{"line":3,"column":350},"end":{"line":3,"column":559}},"11":{"start":{"line":3,"column":407},"end":{"line":3,"column":475}},"12":{"start":{"line":3,"column":423},"end":{"line":3,"column":475}},"13":{"start":{"line":3,"column":476},"end":{"line":3,"column":536}},"14":{"start":{"line":3,"column":493},"end":{"line":3,"column":536}},"15":{"start":{"line":3,"column":537},"end":{"line":3,"column":556}},"16":{"start":{"line":5,"column":0},"end":{"line":5,"column":472}},"17":{"start":{"line":5,"column":33},"end":{"line":5,"column":470}},"18":{"start":{"line":5,"column":54},"end":{"line":5,"column":90}},"19":{"start":{"line":5,"column":91},"end":{"line":5,"column":467}},"20":{"start":{"line":5,"column":139},"end":{"line":5,"column":442}},"21":{"start":{"line":5,"column":165},"end":{"line":5,"column":263}},"22":{"start":{"line":5,"column":171},"end":{"line":5,"column":196}},"23":{"start":{"line":5,"column":197},"end":{"line":5,"column":220}},"24":{"start":{"line":5,"column":239},"end":{"line":5,"column":253}},"25":{"start":{"line":5,"column":254},"end":{"line":5,"column":261}},"26":{"start":{"line":5,"column":264},"end":{"line":5,"column":440}},"27":{"start":{"line":5,"column":281},"end":{"line":5,"column":296}},"28":{"start":{"line":5,"column":306},"end":{"line":5,"column":438}},"29":{"start":{"line":5,"column":360},"end":{"line":5,"column":387}},"30":{"start":{"line":5,"column":408},"end":{"line":5,"column":434}},"31":{"start":{"line":5,"column":443},"end":{"line":5,"column":463}},"32":{"start":{"line":7,"column":0},"end":{"line":7,"column":153}},"33":{"start":{"line":7,"column":50},"end":{"line":7,"column":151}},"34":{"start":{"line":7,"column":92},"end":{"line":7,"column":149}},"35":{"start":{"line":9,"column":0},"end":{"line":9,"column":56}},"36":{"start":{"line":10,"column":0},"end":{"line":10,"column":34}},"37":{"start":{"line":11,"column":0},"end":{"line":11,"column":32}},"38":{"start":{"line":13,"column":0},"end":{"line":188,"column":4}},"39":{"start":{"line":14,"column":4},"end":{"line":18,"column":5}},"40":{"start":{"line":15,"column":8},"end":{"line":15,"column":37}},"41":{"start":{"line":17,"column":8},"end":{"line":17,"column":34}},"42":{"start":{"line":20,"column":4},"end":{"line":185,"column":8}},"43":{"start":{"line":23,"column":12},"end":{"line":44,"column":16}},"44":{"start":{"line":24,"column":16},"end":{"line":24,"column":35}},"45":{"start":{"line":25,"column":16},"end":{"line":43,"column":34}},"46":{"start":{"line":26,"column":20},"end":{"line":42,"column":21}},"47":{"start":{"line":27,"column":24},"end":{"line":41,"column":25}},"48":{"start":{"line":29,"column":32},"end":{"line":29,"column":50}},"49":{"start":{"line":30,"column":32},"end":{"line":30,"column":72}},"50":{"start":{"line":33,"column":32},"end":{"line":33,"column":63}},"51":{"start":{"line":35,"column":32},"end":{"line":35,"column":69}},"52":{"start":{"line":36,"column":32},"end":{"line":36,"column":93}},"53":{"start":{"line":40,"column":32},"end":{"line":40,"column":55}},"54":{"start":{"line":46,"column":12},"end":{"line":48,"column":14}},"55":{"start":{"line":47,"column":16},"end":{"line":47,"column":50}},"56":{"start":{"line":53,"column":12},"end":{"line":148,"column":16}},"57":{"start":{"line":54,"column":16},"end":{"line":54,"column":158}},"58":{"start":{"line":56,"column":16},"end":{"line":147,"column":70}},"59":{"start":{"line":57,"column":20},"end":{"line":146,"column":21}},"60":{"start":{"line":58,"column":24},"end":{"line":145,"column":25}},"61":{"start":{"line":60,"column":32},"end":{"line":60,"column":72}},"62":{"start":{"line":61,"column":32},"end":{"line":61,"column":70}},"63":{"start":{"line":62,"column":32},"end":{"line":62,"column":51}},"64":{"start":{"line":63,"column":32},"end":{"line":63,"column":75}},"65":{"start":{"line":66,"column":32},"end":{"line":66,"column":64}},"66":{"start":{"line":67,"column":32},"end":{"line":67,"column":65}},"67":{"start":{"line":69,"column":32},"end":{"line":72,"column":33}},"68":{"start":{"line":70,"column":36},"end":{"line":70,"column":55}},"69":{"start":{"line":71,"column":36},"end":{"line":71,"column":42}},"70":{"start":{"line":74,"column":32},"end":{"line":74,"column":66}},"71":{"start":{"line":77,"column":32},"end":{"line":77,"column":65}},"72":{"start":{"line":78,"column":32},"end":{"line":78,"column":58}},"73":{"start":{"line":79,"column":32},"end":{"line":79,"column":59}},"74":{"start":{"line":80,"column":32},"end":{"line":80,"column":52}},"75":{"start":{"line":81,"column":32},"end":{"line":81,"column":74}},"76":{"start":{"line":84,"column":32},"end":{"line":87,"column":33}},"77":{"start":{"line":85,"column":36},"end":{"line":85,"column":56}},"78":{"start":{"line":86,"column":36},"end":{"line":86,"column":42}},"79":{"start":{"line":89,"column":32},"end":{"line":89,"column":56}},"80":{"start":{"line":91,"column":32},"end":{"line":94,"column":33}},"81":{"start":{"line":92,"column":36},"end":{"line":92,"column":56}},"82":{"start":{"line":93,"column":36},"end":{"line":93,"column":42}},"83":{"start":{"line":96,"column":32},"end":{"line":96,"column":72}},"84":{"start":{"line":99,"column":32},"end":{"line":99,"column":52}},"85":{"start":{"line":100,"column":32},"end":{"line":100,"column":52}},"86":{"start":{"line":101,"column":32},"end":{"line":101,"column":102}},"87":{"start":{"line":104,"column":32},"end":{"line":104,"column":65}},"88":{"start":{"line":105,"column":32},"end":{"line":105,"column":52}},"89":{"start":{"line":106,"column":32},"end":{"line":106,"column":38}},"90":{"start":{"line":109,"column":32},"end":{"line":109,"column":52}},"91":{"start":{"line":110,"column":32},"end":{"line":110,"column":38}},"92":{"start":{"line":113,"column":32},"end":{"line":113,"column":52}},"93":{"start":{"line":114,"column":32},"end":{"line":114,"column":70}},"94":{"start":{"line":115,"column":32},"end":{"line":115,"column":57}},"95":{"start":{"line":116,"column":32},"end":{"line":116,"column":62}},"96":{"start":{"line":119,"column":32},"end":{"line":119,"column":52}},"97":{"start":{"line":120,"column":32},"end":{"line":120,"column":52}},"98":{"start":{"line":122,"column":32},"end":{"line":124,"column":33}},"99":{"start":{"line":123,"column":36},"end":{"line":123,"column":55}},"100":{"start":{"line":127,"column":32},"end":{"line":127,"column":52}},"101":{"start":{"line":129,"column":32},"end":{"line":132,"column":33}},"102":{"start":{"line":130,"column":36},"end":{"line":130,"column":56}},"103":{"start":{"line":131,"column":36},"end":{"line":131,"column":42}},"104":{"start":{"line":134,"column":32},"end":{"line":134,"column":53}},"105":{"start":{"line":137,"column":32},"end":{"line":137,"column":60}},"106":{"start":{"line":140,"column":32},"end":{"line":140,"column":60}},"107":{"start":{"line":144,"column":32},"end":{"line":144,"column":56}},"108":{"start":{"line":150,"column":12},"end":{"line":152,"column":14}},"109":{"start":{"line":151,"column":16},"end":{"line":151,"column":50}},"110":{"start":{"line":157,"column":12},"end":{"line":157,"column":53}},"111":{"start":{"line":165,"column":12},"end":{"line":179,"column":16}},"112":{"start":{"line":166,"column":16},"end":{"line":178,"column":35}},"113":{"start":{"line":167,"column":20},"end":{"line":177,"column":21}},"114":{"start":{"line":168,"column":24},"end":{"line":176,"column":25}},"115":{"start":{"line":170,"column":32},"end":{"line":170,"column":51}},"116":{"start":{"line":171,"column":32},"end":{"line":171,"column":76}},"117":{"start":{"line":175,"column":32},"end":{"line":175,"column":56}},"118":{"start":{"line":181,"column":12},"end":{"line":183,"column":14}},"119":{"start":{"line":182,"column":16},"end":{"line":182,"column":50}},"120":{"start":{"line":187,"column":4},"end":{"line":187,"column":17}},"121":{"start":{"line":190,"column":0},"end":{"line":190,"column":23}}},"branchMap":{"1":{"line":3,"type":"binary-expr","locations":[{"start":{"line":3,"column":168},"end":{"line":3,"column":189}},{"start":{"line":3,"column":193},"end":{"line":3,"column":198}}]},"2":{"line":3,"type":"if","locations":[{"start":{"line":3,"column":232},"end":{"line":3,"column":232}},{"start":{"line":3,"column":232},"end":{"line":3,"column":232}}]},"3":{"line":3,"type":"if","locations":[{"start":{"line":3,"column":407},"end":{"line":3,"column":407}},{"start":{"line":3,"column":407},"end":{"line":3,"column":407}}]},"4":{"line":3,"type":"if","locations":[{"start":{"line":3,"column":476},"end":{"line":3,"column":476}},{"start":{"line":3,"column":476},"end":{"line":3,"column":476}}]},"5":{"line":5,"type":"if","locations":[{"start":{"line":5,"column":264},"end":{"line":5,"column":264}},{"start":{"line":5,"column":264},"end":{"line":5,"column":264}}]},"6":{"line":7,"type":"if","locations":[{"start":{"line":7,"column":50},"end":{"line":7,"column":50}},{"start":{"line":7,"column":50},"end":{"line":7,"column":50}}]},"7":{"line":27,"type":"switch","locations":[{"start":{"line":28,"column":28},"end":{"line":30,"column":72}},{"start":{"line":32,"column":28},"end":{"line":36,"column":93}},{"start":{"line":38,"column":28},"end":{"line":38,"column":35}},{"start":{"line":39,"column":28},"end":{"line":40,"column":55}}]},"8":{"line":35,"type":"binary-expr","locations":[{"start":{"line":35,"column":49},"end":{"line":35,"column":63}},{"start":{"line":35,"column":67},"end":{"line":35,"column":68}}]},"9":{"line":58,"type":"switch","locations":[{"start":{"line":59,"column":28},"end":{"line":63,"column":75}},{"start":{"line":65,"column":28},"end":{"line":74,"column":66}},{"start":{"line":76,"column":28},"end":{"line":81,"column":74}},{"start":{"line":83,"column":28},"end":{"line":96,"column":72}},{"start":{"line":98,"column":28},"end":{"line":101,"column":102}},{"start":{"line":103,"column":28},"end":{"line":106,"column":38}},{"start":{"line":108,"column":28},"end":{"line":110,"column":38}},{"start":{"line":112,"column":28},"end":{"line":116,"column":62}},{"start":{"line":118,"column":28},"end":{"line":124,"column":33}},{"start":{"line":126,"column":28},"end":{"line":134,"column":53}},{"start":{"line":136,"column":28},"end":{"line":137,"column":60}},{"start":{"line":139,"column":28},"end":{"line":140,"column":60}},{"start":{"line":142,"column":28},"end":{"line":142,"column":36}},{"start":{"line":143,"column":28},"end":{"line":144,"column":56}}]},"10":{"line":69,"type":"if","locations":[{"start":{"line":69,"column":32},"end":{"line":69,"column":32}},{"start":{"line":69,"column":32},"end":{"line":69,"column":32}}]},"11":{"line":84,"type":"if","locations":[{"start":{"line":84,"column":32},"end":{"line":84,"column":32}},{"start":{"line":84,"column":32},"end":{"line":84,"column":32}}]},"12":{"line":91,"type":"if","locations":[{"start":{"line":91,"column":32},"end":{"line":91,"column":32}},{"start":{"line":91,"column":32},"end":{"line":91,"column":32}}]},"13":{"line":122,"type":"if","locations":[{"start":{"line":122,"column":32},"end":{"line":122,"column":32}},{"start":{"line":122,"column":32},"end":{"line":122,"column":32}}]},"14":{"line":122,"type":"binary-expr","locations":[{"start":{"line":122,"column":36},"end":{"line":122,"column":62}},{"start":{"line":122,"column":66},"end":{"line":122,"column":82}}]},"15":{"line":129,"type":"if","locations":[{"start":{"line":129,"column":32},"end":{"line":129,"column":32}},{"start":{"line":129,"column":32},"end":{"line":129,"column":32}}]},"16":{"line":168,"type":"switch","locations":[{"start":{"line":169,"column":28},"end":{"line":171,"column":76}},{"start":{"line":173,"column":28},"end":{"line":173,"column":35}},{"start":{"line":174,"column":28},"end":{"line":175,"column":56}}]}},"code":["'use strict';","","var _createClass = function () { function defineProperties(target, props) { for (var i = 0; i < props.length; i++) { var descriptor = props[i]; descriptor.enumerable = descriptor.enumerable || false; descriptor.configurable = true; if (\"value\" in descriptor) descriptor.writable = true; Object.defineProperty(target, descriptor.key, descriptor); } } return function (Constructor, protoProps, staticProps) { if (protoProps) defineProperties(Constructor.prototype, protoProps); if (staticProps) defineProperties(Constructor, staticProps); return Constructor; }; }();","","function _asyncToGenerator(fn) { return function () { var gen = fn.apply(this, arguments); return new Promise(function (resolve, reject) { function step(key, arg) { try { var info = gen[key](arg); var value = info.value; } catch (error) { reject(error); return; } if (info.done) { resolve(value); } else { return Promise.resolve(value).then(function (value) { return step(\"next\", value); }, function (err) { return step(\"throw\", err); }); } } return step(\"next\"); }); }; }","","function _classCallCheck(instance, Constructor) { if (!(instance instanceof Constructor)) { throw new TypeError(\"Cannot call a class as a function\"); } }","","var AsyncStorage = require('react-native').AsyncStorage;","var Model = require('./model.js');","var Util = require('./util.js');","","var Store = function () {","    function Store(opts) {","        _classCallCheck(this, Store);","","        this.dbName = opts.dbName;","    }","","    _createClass(Store, [{","        key: '_getCurrentVersion',","        value: function () {","            var ref = _asyncToGenerator(regeneratorRuntime.mark(function _callee(versionKey) {","                var currentVersion;","                return regeneratorRuntime.wrap(function _callee$(_context) {","                    while (1) {","                        switch (_context.prev = _context.next) {","                            case 0:","                                _context.next = 2;","                                return AsyncStorage.getItem(versionKey);","","                            case 2:","                                currentVersion = _context.sent;","","                                currentVersion = currentVersion || 0;","                                return _context.abrupt('return', parseFloat(currentVersion));","","                            case 5:","                            case 'end':","                                return _context.stop();","                        }","                    }","                }, _callee, this);","            }));","","            return function _getCurrentVersion(_x) {","                return ref.apply(this, arguments);","            };","        }()","    }, {","        key: 'migrate',","        value: function () {","            var ref = _asyncToGenerator(regeneratorRuntime.mark(function _callee2() {","                var migrations, versionKey, currentVersion, target, _iteratorNormalCompletion, _didIteratorError, _iteratorError, _iterator, _step, migration;","","                return regeneratorRuntime.wrap(function _callee2$(_context2) {","                    while (1) {","                        switch (_context2.prev = _context2.next) {","                            case 0:","                                migrations = require('./migrations.js');","                                versionKey = this.dbName + '_version';","                                _context2.next = 4;","                                return this._getCurrentVersion(versionKey);","","                            case 4:","                                currentVersion = _context2.sent;","                                target = migrations.slice(-1)[0];","","                                if (!(currentVersion == target.version)) {","                                    _context2.next = 8;","                                    break;","                                }","","                                return _context2.abrupt('return');","","                            case 8:","                                _iteratorNormalCompletion = true;","                                _didIteratorError = false;","                                _iteratorError = undefined;","                                _context2.prev = 11;","                                _iterator = migrations[Symbol.iterator]();","","                            case 13:","                                if (_iteratorNormalCompletion = (_step = _iterator.next()).done) {","                                    _context2.next = 23;","                                    break;","                                }","","                                migration = _step.value;","","                                if (!(migration.version <= currentVersion)) {","                                    _context2.next = 17;","                                    break;","                                }","","                                return _context2.abrupt('continue', 20);","","                            case 17:","                                migration.perform();","                                _context2.next = 20;","                                return AsyncStorage.setItem(versionKey, migration.version.toString());","","                            case 20:","                                _iteratorNormalCompletion = true;","                                _context2.next = 13;","                                break;","","                            case 23:","                                _context2.next = 29;","                                break;","","                            case 25:","                                _context2.prev = 25;","                                _context2.t0 = _context2['catch'](11);","                                _didIteratorError = true;","                                _iteratorError = _context2.t0;","","                            case 29:","                                _context2.prev = 29;","                                _context2.prev = 30;","","                                if (!_iteratorNormalCompletion && _iterator.return) {","                                    _iterator.return();","                                }","","                            case 32:","                                _context2.prev = 32;","","                                if (!_didIteratorError) {","                                    _context2.next = 35;","                                    break;","                                }","","                                throw _iteratorError;","","                            case 35:","                                return _context2.finish(32);","","                            case 36:","                                return _context2.finish(29);","","                            case 37:","                            case 'end':","                                return _context2.stop();","                        }","                    }","                }, _callee2, this, [[11, 25, 29, 37], [30,, 32, 36]]);","            }));","","            return function migrate() {","                return ref.apply(this, arguments);","            };","        }()","    }, {","        key: 'model',","        value: function model(modelName) {","            return new Model(modelName, this.dbName);","        }","","        // clear store","","    }, {","        key: 'clear',","        value: function () {","            var ref = _asyncToGenerator(regeneratorRuntime.mark(function _callee3() {","                return regeneratorRuntime.wrap(function _callee3$(_context3) {","                    while (1) {","                        switch (_context3.prev = _context3.next) {","                            case 0:","                                _context3.next = 2;","                                return AsyncStorage.removeItem(this.dbName);","","                            case 2:","                            case 'end':","                                return _context3.stop();","                        }","                    }","                }, _callee3, this);","            }));","","            return function clear() {","                return ref.apply(this, arguments);","            };","        }()","    }]);","","    return Store;","}();","","module.exports = Store;","","// Store.model(\"user\").get({ id:1 },{fite}).then().fail();"],"l":{"3":4,"5":1,"7":1,"9":4,"10":0,"11":0,"13":0,"14":1,"15":0,"17":0,"20":0,"23":0,"24":0,"25":0,"26":0,"27":0,"29":0,"30":0,"33":0,"35":0,"36":0,"40":0,"46":0,"47":0,"53":0,"54":0,"56":0,"57":0,"58":0,"60":0,"61":0,"62":0,"63":0,"66":0,"67":0,"69":0,"70":0,"71":0,"74":0,"77":0,"78":0,"79":0,"80":0,"81":0,"84":0,"85":0,"86":0,"89":0,"91":0,"92":0,"93":0,"96":0,"99":0,"100":0,"101":0,"104":0,"105":0,"106":0,"109":0,"110":0,"113":0,"114":0,"115":0,"116":0,"119":0,"120":0,"122":0,"123":0,"127":0,"129":0,"130":0,"131":0,"134":0,"137":0,"140":0,"144":0,"150":0,"151":0,"157":0,"165":0,"166":0,"167":0,"168":0,"170":0,"171":0,"175":0,"181":0,"182":0,"187":0,"190":0}},"/home/travis/build/npmtest/node-npmtest-react-native-store/node_modules/react-native-store/lib/filter.js":{"path":"/home/travis/build/npmtest/node-npmtest-react-native-store/node_modules/react-native-store/lib/filter.js","s":{"1":1,"2":0,"3":0,"4":1,"5":1,"6":1,"7":5,"8":5,"9":5,"10":5,"11":5,"12":5,"13":1,"14":1,"15":1,"16":1,"17":0,"18":1,"19":1,"20":0,"21":0,"22":1,"23":1,"24":0,"25":0,"26":0,"27":1,"28":0,"29":0,"30":0,"31":0,"32":0,"33":0,"34":0,"35":0,"36":0,"37":0,"38":0,"39":0,"40":0,"41":0,"42":0,"43":0,"44":0,"45":0,"46":0,"47":0,"48":0,"49":0,"50":0,"51":0,"52":0,"53":0,"54":0,"55":0,"56":0,"57":0,"58":0,"59":0,"60":0,"61":0,"62":0,"63":0,"64":0,"65":0,"66":0,"67":0,"68":0,"69":0,"70":0,"71":0,"72":0,"73":0,"74":0,"75":0,"76":0,"77":0,"78":0,"79":0,"80":0,"81":0,"82":0,"83":0,"84":0,"85":0,"86":0,"87":0,"88":0,"89":0,"90":0,"91":0,"92":0,"93":0,"94":0,"95":0,"96":0,"97":0,"98":0,"99":0,"100":0,"101":0,"102":0,"103":0,"104":0,"105":0,"106":0,"107":0,"108":0,"109":0,"110":0,"111":0,"112":0,"113":0,"114":0,"115":0,"116":0,"117":0,"118":0,"119":0,"120":0,"121":0,"122":1,"123":1},"b":{"1":[1,0],"2":[1,1],"3":[0,0],"4":[0,0,0],"5":[5,5],"6":[5,0],"7":[1,0],"8":[0,1],"9":[0,0],"10":[0,0],"11":[0,0],"12":[0,0],"13":[0,0],"14":[0,0],"15":[0,0],"16":[0,0],"17":[0,0],"18":[0,0],"19":[0,0],"20":[0,0],"21":[0,0],"22":[0,0],"23":[0,0],"24":[0,0],"25":[0,0],"26":[0,0],"27":[0,0],"28":[0,0],"29":[0,0],"30":[0,0],"31":[0,0],"32":[0,0],"33":[0,0],"34":[0,0],"35":[0,0],"36":[0,0],"37":[0,0],"38":[0,0],"39":[0,0],"40":[0,0],"41":[0,0],"42":[0,0,0],"43":[0,0],"44":[0,0],"45":[0,0],"46":[0,0],"47":[0,0],"48":[0,0],"49":[0,0],"50":[0,0],"51":[0,0],"52":[0,0],"53":[0,0],"54":[0,0],"55":[0,0,0,0]},"f":{"1":0,"2":0,"3":1,"4":1,"5":1,"6":0,"7":1,"8":0,"9":0,"10":0,"11":0,"12":0,"13":0,"14":0},"fnMap":{"1":{"name":"(anonymous_1)","line":3,"loc":{"start":{"line":3,"column":84},"end":{"line":3,"column":99}}},"2":{"name":"(anonymous_2)","line":3,"loc":{"start":{"line":3,"column":124},"end":{"line":3,"column":139}}},"3":{"name":"(anonymous_3)","line":5,"loc":{"start":{"line":5,"column":19},"end":{"line":5,"column":31}}},"4":{"name":"defineProperties","line":5,"loc":{"start":{"line":5,"column":33},"end":{"line":5,"column":74}}},"5":{"name":"(anonymous_5)","line":5,"loc":{"start":{"line":5,"column":357},"end":{"line":5,"column":405}}},"6":{"name":"_classCallCheck","line":7,"loc":{"start":{"line":7,"column":0},"end":{"line":7,"column":48}}},"7":{"name":"(anonymous_7)","line":9,"loc":{"start":{"line":9,"column":13},"end":{"line":9,"column":25}}},"8":{"name":"Filter","line":10,"loc":{"start":{"line":10,"column":4},"end":{"line":10,"column":22}}},"9":{"name":"apply","line":19,"loc":{"start":{"line":19,"column":15},"end":{"line":19,"column":45}}},"10":{"name":"keySort","line":50,"loc":{"start":{"line":50,"column":30},"end":{"line":50,"column":53}}},"11":{"name":"evaluate","line":63,"loc":{"start":{"line":63,"column":15},"end":{"line":63,"column":50}}},"12":{"name":"evaluateLogicalOperator","line":84,"loc":{"start":{"line":84,"column":15},"end":{"line":84,"column":75}}},"13":{"name":"evaluateComparisonOperator","line":101,"loc":{"start":{"line":101,"column":15},"end":{"line":101,"column":78}}},"14":{"name":"applyFieldsFilter","line":110,"loc":{"start":{"line":110,"column":15},"end":{"line":110,"column":59}}}},"statementMap":{"1":{"start":{"line":3,"column":0},"end":{"line":3,"column":241}},"2":{"start":{"line":3,"column":101},"end":{"line":3,"column":119}},"3":{"start":{"line":3,"column":141},"end":{"line":3,"column":238}},"4":{"start":{"line":5,"column":0},"end":{"line":5,"column":564}},"5":{"sta
[...]
0);","","                            case 11:","                            case 'end':","                                return _context4.stop();","                        }","                    }","                }, _callee4, this);","            }));","","            return function destroy() {","                return ref.apply(this, arguments);","            };","        }()","","        // add","","    }, {","        key: 'add',","        value: function () {","            var ref = _asyncToGenerator(regeneratorRuntime.mark(function _callee5(data) {","                var autoinc;","                return regeneratorRuntime.wrap(function _callee5$(_context5) {","                    while (1) {","                        switch (_context5.prev = _context5.next) {","                            case 0:","                                _context5.next = 2;","                                return this.initModel();","","                            case 2:","                                autoinc = this.model.autoinc++;","","                                if (!this.model.rows[autoinc]) {","                                    _context5.next = 5;","                                    break;","                                }","","                                return _context5.abrupt('return', Util.error(\"ReactNativeStore error: Storage already contains _id '\" + autoinc + \"'\"));","","                            case 5:","                                if (!data._id) {","                                    _context5.next = 7;","                                    break;","                                }","","                                return _context5.abrupt('return', Util.error(\"ReactNativeStore error: Don't need _id with add method\"));","","                            case 7:","                                data._id = autoinc;","                                this.model.rows[autoinc] = data;","                                this.model.totalrows++;","                                this.database[this.modelName] = this.model;","                                _context5.next = 13;","                                return AsyncStorage.setItem(this.dbName, JSON.stringify(this.database));","","                            case 13:","                                return _context5.abrupt('return', this.model.rows[data._id]);","","                            case 14:","                            case 'end':","                                return _context5.stop();","                        }","                    }","                }, _callee5, this);","            }));","","            return function add(_x) {","                return ref.apply(this, arguments);","            };","        }()","","        // multi add","","    }, {","        key: 'multiAdd',","        value: function () {","            var ref = _asyncToGenerator(regeneratorRuntime.mark(function _callee6(data) {","                var key, value, autoinc;","                return regeneratorRuntime.wrap(function _callee6$(_context6) {","                    while (1) {","                        switch (_context6.prev = _context6.next) {","                            case 0:","                                _context6.next = 2;","                                return this.initModel();","","                            case 2:","                                _context6.t0 = regeneratorRuntime.keys(data);","","                            case 3:","                                if ((_context6.t1 = _context6.t0()).done) {","                                    _context6.next = 16;","                                    break;","                                }","","                                key = _context6.t1.value;","                                value = data[key];","                                autoinc = this.model.autoinc++;","","                                if (!this.model.rows[autoinc]) {","                                    _context6.next = 9;","                                    break;","                                }","","                                return _context6.abrupt('return', Util.error(\"ReactNativeStore error: Storage already contains _id '\" + autoinc + \"'\"));","","                            case 9:","                                if (!value._id) {","                                    _context6.next = 11;","                                    break;","                                }","","                                return _context6.abrupt('return', Util.error(\"ReactNativeStore error: Don't need _id with add method\"));","","                            case 11:","                                value._id = autoinc;","                                this.model.rows[autoinc] = value;","                                this.model.totalrows++;","                                _context6.next = 3;","                                break;","","                            case 16:","                                this.database[this.modelName] = this.model;","                                _context6.next = 19;","                                return AsyncStorage.setItem(this.dbName, JSON.stringify(this.database));","","                            case 19:","                                return _context6.abrupt('return', this.model.rows);","","                            case 20:","                            case 'end':","                                return _context6.stop();","                        }","                    }","                }, _callee6, this);","            }));","","            return function multiAdd(_x2) {","                return ref.apply(this, arguments);","            };","        }()","","        // update","","    }, {","        key: 'update',","        value: function () {","            var ref = _asyncToGenerator(regeneratorRuntime.mark(function _callee7(data, filter) {","                var results, rows, filterResult, row, element, i;","                return regeneratorRuntime.wrap(function _callee7$(_context7) {","                    while (1) {","                        switch (_context7.prev = _context7.next) {","                            case 0:","                                _context7.next = 2;","                                return this.initModel();","","                            case 2:","                                filter = filter || {};","                                if (data._id) delete data._id;","                                results = [];","                                rows = this.model[\"rows\"];","                                filterResult = this.modelFilter.apply(rows, filter);","                                _context7.t0 = regeneratorRuntime.keys(rows);","","                            case 8:","                                if ((_context7.t1 = _context7.t0()).done) {","                                    _context7.next = 23;","                                    break;","                                }","","                                row = _context7.t1.value;","                                _context7.t2 = regeneratorRuntime.keys(filterResult);","","                            case 11:","                                if ((_context7.t3 = _context7.t2()).done) {","                                    _context7.next = 21;","                                    break;","                                }","","                                element = _context7.t3.value;","","                                if (!(rows[row]['_id'] === filterResult[element]['_id'])) {","                                    _context7.next = 19;","                                    break;","                                }","","                                for (i in data) {","                                    rows[row][i] = data[i];","                                }","                                results.push(rows[row]);","                                this.database[this.modelName] = this.model;","                                _context7.next = 19;","                                return AsyncStorage.setItem(this.dbName, JSON.stringify(this.database));","","                            case 19:","                                _context7.next = 11;","                                break;","","                            case 21:","                                _context7.next = 8;","                                break;","","                            case 23:","                                return _context7.abrupt('return', results.length ? results : null);","","                            case 24:","                            case 'end':","                                return _context7.stop();","                        }","                    }","                }, _callee7, this);","            }));","","            return function update(_x3, _x4) {","                return ref.apply(this, arguments);","            };","        }()","","        // remove a single entry by id","","    }, {","        key: 'updateById',","        value: function () {","            var ref = _asyncToGenerator(regeneratorRuntime.mark(function _callee8(data, id) {","                var result;","                return regeneratorRuntime.wrap(function _callee8$(_context8) {","                    while (1) {","                        switch (_context8.prev = _context8.next) {","                            case 0:","                                _context8.next = 2;","                                return this.update(data, {","                                    where: {","                                        _id: id","                                    }","                                });","","                            case 2:","                                result = _context8.sent;","                                return _context8.abrupt('return', result ? result[0] : null);","","                            case 4:","                            case 'end':","                                return _context8.stop();","                        }","                    }","                }, _callee8, this);","            }));","","            return function updateById(_x5, _x6) {","                return ref.apply(this, arguments);","            };","        }()","","        // remove","","    }, {","        key: 'remove',","        value: function () {","            var ref = _asyncToGenerator(regeneratorRuntime.mark(function _callee9(filter) {","                var results, rowsToDelete, rows, filterResult, row, element, i;","                return regeneratorRuntime.wrap(function _callee9$(_context9) {","                    while (1) {","                        switch (_context9.prev = _context9.next) {","                            case 0:","                                _context9.next = 2;","                                return this.initModel();","","                            case 2:","                                filter = filter || {};","                                results = [];","                                rowsToDelete = [];","                                rows = this.model[\"rows\"];","                                filterResult = this.modelFilter.apply(rows, filter);","","                                for (row in rows) {","                                    for (element in filterResult) {","                                        if (rows[row]['_id'] === filterResult[element]['_id']) rowsToDelete.push(row);","                                    }","                                }","                                for (i in rowsToDelete) {","                                    row = rowsToDelete[i];","","                                    results.push(this.model[\"rows\"][row]);","                                    delete this.model[\"rows\"][row];","                                    this.model[\"totalrows\"]--;","                                }","                                this.database[this.modelName] = this.model;","                                _context9.next = 12;","                                return AsyncStorage.setItem(this.dbName, JSON.stringify(this.database));","","                            case 12:","                                return _context9.abrupt('return', results.length ? results : null);","","                            case 13:","                            case 'end':","                                return _context9.stop();","                        }","                    }","                }, _callee9, this);","            }));","","            return function remove(_x7) {","                return ref.apply(this, arguments);","            };","        }()","","        // remove a single entry by id","","    }, {","        key: 'removeById',","        value: function () {","            var ref = _asyncToGenerator(regeneratorRuntime.mark(function _callee10(id) {","                var result;","                return regeneratorRuntime.wrap(function _callee10$(_context10) {","                    while (1) {","                        switch (_context10.prev = _context10.next) {","                            case 0:","                                _context10.next = 2;","                                return this.remove({","                                    where: {","                                        _id: id","                                    }","                                });","","                            case 2:","                                result = _context10.sent;","                                return _context10.abrupt('return', result ? result[0] : null);","","                            case 4:","                            case 'end':","                                return _context10.stop();","                        }","                    }","                }, _callee10, this);","            }));","","            return function removeById(_x8) {","                return ref.apply(this, arguments);","            };","        }()","","        // find","","    }, {","        key: 'find',","        value: function () {","            var ref = _asyncToGenerator(regeneratorRuntime.mark(function _callee11(filter) {","                var results, rows;","                return regeneratorRuntime.wrap(function _callee11$(_context11) {","                    while (1) {","                        switch (_context11.prev = _context11.next) {","                            case 0:","                                _context11.next = 2;","                                return this.initModel();","","                            case 2:","                                filter = filter || {};","                                results = [];","                                rows = this.model[\"rows\"];","","                                results = this.modelFilter.apply(rows, filter);","                                return _context11.abrupt('return', results.length ? results : null);","","                            case 7:","                            case 'end':","                                return _context11.stop();","                        }","                    }","                }, _callee11, this);","            }));","","            return function find(_x9) {","                return ref.apply(this, arguments);","            };","        }()","","        // find a single entry by id","","    }, {","        key: 'findById',","        value: function () {","            var ref = _asyncToGenerator(regeneratorRuntime.mark(function _callee12(id) {","                var result;","                return regeneratorRuntime.wrap(function _callee12$(_context12) {","                    while (1) {","                        switch (_context12.prev = _context12.next) {","                            case 0:","                                _context12.next = 2;","                                return this.find({","                                    where: {","                                        _id: id","                                    }","                                });","","                            case 2:","                                result = _context12.sent;","                                return _context12.abrupt('return', result ? result[0] : null);","","                            case 4:","                            case 'end':","                                return _context12.stop();","                        }","                    }","                }, _callee12, this);","            }));","","            return function findById(_x10) {","                return ref.apply(this, arguments);","            };","        }()","","        // get","","    }, {","        key: 'get',","        value: function get(filter) {","            filter = filter || {};","            filter.limit = 1;","            return this.find(filter);","        }","    }]);","","    return Model;","}();","","module.exports = Model;"],"l":{"3":2,"5":1,"7":1,"9":2,"10":0,"11":0,"13":0,"14":1,"15":0,"17":0,"18":0,"19":0,"20":0,"21":0,"24":0,"27":0,"28":0,"29":0,"30":0,"32":0,"33":0,"36":0,"40":0,"46":0,"47":0,"53":0,"54":0,"55":0,"56":0,"57":0,"59":0,"60":0,"63":0,"65":0,"66":0,"67":0,"70":0,"73":0,"77":0,"83":0,"84":0,"90":0,"91":0,"92":0,"93":0,"95":0,"96":0,"99":0,"101":0,"106":0,"110":0,"116":0,"117":0,"126":0,"127":0,"128":0,"129":0,"130":0,"132":0,"133":0,"136":0,"138":0,"139":0,"140":0,"143":0,"144":0,"147":0,"148":0,"149":0,"152":0,"155":0,"159":0,"165":0,"166":0,"175":0,"176":0,"177":0,"178":0,"179":0,"181":0,"182":0,"185":0,"187":0,"188":0,"189":0,"192":0,"195":0,"196":0,"197":0,"200":0,"203":0,"204":0,"205":0,"206":0,"207":0,"208":0,"211":0,"215":0,"221":0,"222":0,"231":0,"232":0,"233":0,"234":0,"235":0,"237":0,"238":0,"241":0,"244":0,"245":0,"246":0,"249":0,"250":0,"251":0,"253":0,"254":0,"255":0,"258":0,"261":0,"262":0,"263":0,"266":0,"269":0,"270":0,"271":0,"272":0,"273":0,"276":0,"277":0,"278":0,"281":0,"285":0,"291":0,"292":0,"301":0,"302":0,"303":0,"304":0,"305":0,"307":0,"308":0,"311":0,"312":0,"313":0,"314":0,"315":0,"316":0,"319":0,"320":0,"321":0,"324":0,"325":0,"328":0,"329":0,"330":0,"333":0,"335":0,"336":0,"337":0,"340":0,"341":0,"343":0,"344":0,"345":0,"346":0,"349":0,"350":0,"353":0,"354":0,"357":0,"361":0,"367":0,"368":0,"377":0,"378":0,"379":0,"380":0,"381":0,"383":0,"384":0,"391":0,"392":0,"396":0,"402":0,"403":0,"412":0,"413":0,"414":0,"415":0,"416":0,"418":0,"419":0,"422":0,"423":0,"424":0,"425":0,"426":0,"428":0,"429":0,"430":0,"433":0,"434":0,"436":0,"437":0,"438":0,"440":0,"441":0,"442":0,"445":0,"449":0,"455":0,"456":0,"465":0,"466":0,"467":0,"468":0,"469":0,"471":0,"472":0,"479":0,"480":0,"484":0,"490":0,"491":0,"500":0,"501":0,"502":0,"503":0,"504":0,"506":0,"507":0,"510":0,"511":0,"512":0,"514":0,"515":0,"519":0,"525":0,"526":0,"535":0,"536":0,"537":0,"538":0,"539":0,"541":0,"542":0,"549":0,"550":0,"554":0,"560":0,"561":0,"570":0,"571":0,"572":0,"576":0,"579":0}},"/home/travis/build/npmtest/node-npmtest-react-native-store/node_modules/react-native-store/lib/util.js":{"path":"/home/travis/build/npmtest/node-npmtest-react-native-store/node_modules/react-native-store/lib/util.js","s":{"1":1,"2":0,"3":0},"b":{},"f":{"1":0,"2":0},"fnMap":{"1":{"name":"log","line":4,"loc":{"start":{"line":4,"column":9},"end":{"line":4,"column":27}}},"2":{"name":"error","line":7,"loc":{"start":{"line":7,"column":11},"end":{"line":7,"column":31}}}},"statementMap":{"1":{"start":{"line":3,"column":0},"end":{"line":10,"column":2}},"2":{"start":{"line":5,"column":8},"end":{"line":5,"column":25}},"3":{"start":{"line":8,"column":8},"end":{"line":8,"column":27}}},"branchMap":{},"code":["'use strict';","","module.exports = {","    log: function log(msg) {","        console.log(msg);","    },","    error: function error(msg) {","        console.error(msg);","    }","};"],"l":{"3":1,"5":0,"8":0}}}